<?xml version="1.0" encoding="UTF-8"?>
<testsuite xmlns:xsi="http://www.w3.org/2001/XMLSchema-instance" xsi:noNamespaceSchemaLocation="https://maven.apache.org/surefire/maven-surefire-plugin/xsd/surefire-test-report.xsd" name="com.codebind.pjt.AppTest" time="0.145" tests="1" errors="0" skipped="0" failures="0">
  <properties>
    <property name="sun.desktop" value="windows"/>
    <property name="awt.toolkit" value="sun.awt.windows.WToolkit"/>
    <property name="java.specification.version" value="9"/>
    <property name="file.encoding.pkg" value="sun.io"/>
    <property name="sun.cpu.isalist" value="amd64"/>
    <property name="sun.jnu.encoding" value="Cp1252"/>
    <property name="java.class.path" value="C:\Users\Akhileshwari M\Downloads\AKHILESHWARI DETAILS\mvnpjt\wasteman\target\test-classes;C:\Users\Akhileshwari M\Downloads\AKHILESHWARI DETAILS\mvnpjt\wasteman\target\classes;C:\Users\Akhileshwari M\.m2\repository\junit\junit\4.11\junit-4.11.jar;C:\Users\Akhileshwari M\.m2\repository\org\hamcrest\hamcrest-core\1.3\hamcrest-core-1.3.jar;"/>
    <property name="java.vm.vendor" value="Oracle Corporation"/>
    <property name="sun.arch.data.model" value="64"/>
    <property name="user.variant" value=""/>
    <property name="java.vendor.url" value="http://java.oracle.com/"/>
    <property name="user.timezone" value="Asia/Calcutta"/>
    <property name="java.vm.specification.version" value="9"/>
    <property name="os.name" value="Windows 10"/>
    <property name="sun.java.launcher" value="SUN_STANDARD"/>
    <property name="user.country" value="IN"/>
    <property name="sun.boot.library.path" value="C:\Program Files\java\jdk\bin"/>
    <property name="sun.java.command" value="C:\Users\AKHILE~1\AppData\Local\Temp\surefire6304344093266529884\surefirebooter3286191623258575354.jar C:\Users\Akhileshwari M\AppData\Local\Temp\surefire6304344093266529884 2019-05-06T09-58-38_698-jvmRun1 surefire13831405730985328129tmp surefire_011169130844493997753tmp"/>
    <property name="jdk.debug" value="release"/>
    <property name="surefire.test.class.path" value="C:\Users\Akhileshwari M\Downloads\AKHILESHWARI DETAILS\mvnpjt\wasteman\target\test-classes;C:\Users\Akhileshwari M\Downloads\AKHILESHWARI DETAILS\mvnpjt\wasteman\target\classes;C:\Users\Akhileshwari M\.m2\repository\junit\junit\4.11\junit-4.11.jar;C:\Users\Akhileshwari M\.m2\repository\org\hamcrest\hamcrest-core\1.3\hamcrest-core-1.3.jar;"/>
    <property name="sun.cpu.endian" value="little"/>
    <property name="user.home" value="C:\Users\Akhileshwari M"/>
    <property name="user.language" value="en"/>
    <property name="java.specification.vendor" value="Oracle Corporation"/>
    <property name="java.home" value="C:\Program Files\java\jdk"/>
    <property name="file.separator" value="\"/>
    <property name="basedir" value="C:\Users\Akhileshwari M\Downloads\AKHILESHWARI DETAILS\mvnpjt\wasteman"/>
    <property name="java.vm.compressedOopsMode" value="32-bit"/>
    <property name="line.separator" value="&#10;"/>
    <property name="java.vm.specification.vendor" value="Oracle Corporation"/>
    <property name="java.specification.name" value="Java Platform API Specification"/>
    <property name="java.awt.graphicsenv" value="sun.awt.Win32GraphicsEnvironment"/>
    <property name="surefire.real.class.path" value="C:\Users\AKHILE~1\AppData\Local\Temp\surefire6304344093266529884\surefirebooter3286191623258575354.jar"/>
    <property name="user.script" value=""/>
    <property name="sun.management.compiler" value="HotSpot 64-Bit Tiered Compilers"/>
    <property name="java.runtime.version" value="9.0.1+11"/>
    <property name="user.name" value="Akhileshwari M"/>
    <property name="path.separator" value=";"/>
    <property name="os.version" value="10.0"/>
    <property name="java.runtime.name" value="Java(TM) SE Runtime Environment"/>
    <property name="file.encoding" value="Cp1252"/>
    <property name="java.vm.name" value="Java HotSpot(TM) 64-Bit Server VM"/>
    <property name="localRepository" value="C:\Users\Akhileshwari M\.m2\repository"/>
    <property name="java.vendor.url.bug" value="http://bugreport.java.com/bugreport/"/>
    <property name="java.io.tmpdir" value="C:\Users\AKHILE~1\AppData\Local\Temp\"/>
    <property name="java.version" value="9.0.1"/>
    <property name="user.dir" value="C:\Users\Akhileshwari M\Downloads\AKHILESHWARI DETAILS\mvnpjt\wasteman"/>
    <property name="os.arch" value="amd64"/>
    <property name="java.vm.specification.name" value="Java Virtual Machine Specification"/>
    <property name="java.awt.printerjob" value="sun.awt.windows.WPrinterJob"/>
    <property name="sun.os.patch.level" value=""/>
    <property name="java.library.path" value="C:\Program Files\java\jdk\bin;C:\WINDOWS\Sun\Java\bin;C:\WINDOWS\system32;C:\WINDOWS;C:\ProgramData\Oracle\Java\javapath;C:\Program Files (x86)\Intel\Intel(R) Management Engine Components\iCLS\;C:\Program Files\Intel\Intel(R) Management Engine Components\iCLS\;C:\WINDOWS\system32;C:\WINDOWS;C:\WINDOWS\System32\Wbem;C:\WINDOWS\System32\WindowsPowerShell\v1.0\;C:\Users\Akhileshwari M\Desktop\Matlab2011\crack\runtime\win64;C:\Users\Akhileshwari M\Desktop\Matlab2011\crack\bin;C:\Program Files\java\jdk-9.0.1\bin;C:\Program Files\java\jre-9.0.1\bin;C:\WINDOWS\System32\OpenSSH\;C:\Program Files (x86)\Intel\Intel(R) Management Engine Components\DAL;C:\Program Files\Intel\Intel(R) Management Engine Components\DAL;C:\Program Files\java\jdk\bin;C:\Program Files\apache-maven-3.6.1\bin;C:\Users\Akhileshwari M\AppData\Local\Microsoft\WindowsApps;;."/>
    <property name="java.vm.info" value="mixed mode"/>
    <property name="java.vendor" value="Oracle Corporation"/>
    <property name="java.vm.version" value="9.0.1+11"/>
    <property name="sun.io.unicode.encoding" value="UnicodeLittle"/>
    <property name="java.class.version" value="53.0"/>
  </properties>
  <testcase name="shouldAnswerWithTrue" classname="com.codebind.pjt.AppTest" time="0.005"/>
</testsuite>